{"uuid":"05dbcfeb-ebbb-4f5c-8730-e4ab2317659a","historyId":"94a5970a055f6d2f7e5b732c342785ae","fullName":"Checkout flow: Checkout with missing form data shows error","labels":[{"name":"host","value":"DESKTOP-EFKTGT9"},{"name":"thread","value":"11600@DESKTOP-EFKTGT9.main(1)"},{"name":"feature","value":"Checkout flow"},{"name":"story","value":"Checkout with missing form data shows error"},{"name":"suite","value":"Checkout flow"},{"name":"testClass","value":"Checkout with missing form data shows error"},{"name":"framework","value":"cucumber4jvm"},{"name":"language","value":"java"},{"name":"gherkin_uri","value":"file:///D:/coding/java/ui-automation/src/test/resources/features/checkout.feature"},{"name":"package","value":"src.test.resources.features.checkout_feature.Checkout flow"}],"links":[],"name":"Checkout with missing form data shows error","status":"broken","statusDetails":{"known":false,"muted":false,"flaky":false,"message":"Expected condition failed: waiting for visibility of element located by By.id: first-name (tried for 10 second(s) with 500 milliseconds interval)\nBuild info: version: '4.11.0', revision: '040bc5406b'\nSystem info: os.name: 'Windows 10', os.arch: 'amd64', os.version: '10.0', java.version: '21.0.8'\nDriver info: org.openqa.selenium.chrome.ChromeDriver\nCapabilities {acceptInsecureCerts: false, browserName: chrome, browserVersion: 142.0.7444.176, chrome: {chromedriverVersion: 142.0.7444.175 (302067f14a4..., userDataDir: C:\\Users\\Hp\\AppData\\Local\\T...}, fedcm:accounts: true, goog:chromeOptions: {debuggerAddress: localhost:57081}, goog:processID: 14752, networkConnectionEnabled: false, pageLoadStrategy: normal, platformName: windows, proxy: Proxy(), se:cdp: ws://localhost:57081/devtoo..., se:cdpVersion: 142.0.7444.176, setWindowRect: true, strictFileInteractability: false, timeouts: {implicit: 0, pageLoad: 300000, script: 30000}, unhandledPromptBehavior: dismiss and notify, webauthn:extension:credBlob: true, webauthn:extension:largeBlob: true, webauthn:extension:minPinLength: true, webauthn:extension:prf: true, webauthn:virtualAuthenticators: true}\nSession ID: cc2196997f954c02df2ac84ab2fb937d","trace":"org.openqa.selenium.TimeoutException: Expected condition failed: waiting for visibility of element located by By.id: first-name (tried for 10 second(s) with 500 milliseconds interval)\nBuild info: version: '4.11.0', revision: '040bc5406b'\nSystem info: os.name: 'Windows 10', os.arch: 'amd64', os.version: '10.0', java.version: '21.0.8'\nDriver info: org.openqa.selenium.chrome.ChromeDriver\nCapabilities {acceptInsecureCerts: false, browserName: chrome, browserVersion: 142.0.7444.176, chrome: {chromedriverVersion: 142.0.7444.175 (302067f14a4..., userDataDir: C:\\Users\\Hp\\AppData\\Local\\T...}, fedcm:accounts: true, goog:chromeOptions: {debuggerAddress: localhost:57081}, goog:processID: 14752, networkConnectionEnabled: false, pageLoadStrategy: normal, platformName: windows, proxy: Proxy(), se:cdp: ws://localhost:57081/devtoo..., se:cdpVersion: 142.0.7444.176, setWindowRect: true, strictFileInteractability: false, timeouts: {implicit: 0, pageLoad: 300000, script: 30000}, unhandledPromptBehavior: dismiss and notify, webauthn:extension:credBlob: true, webauthn:extension:largeBlob: true, webauthn:extension:minPinLength: true, webauthn:extension:prf: true, webauthn:virtualAuthenticators: true}\nSession ID: cc2196997f954c02df2ac84ab2fb937d\r\n\tat org.openqa.selenium.support.ui.WebDriverWait.timeoutException(WebDriverWait.java:84)\r\n\tat org.openqa.selenium.support.ui.FluentWait.until(FluentWait.java:230)\r\n\tat pages.CheckoutPage.fillCustomer(CheckoutPage.java:28)\r\n\tat steps.CheckoutSteps.proceed_to_checkout(CheckoutSteps.java:22)\r\n\tat ✽.I proceed to checkout with first name \"\", last name \"\", postal code \"\"(file:///D:/coding/java/ui-automation/src/test/resources/features/checkout.feature:18)\r\n"},"stage":"finished","steps":[{"name":"Given  I am on the login page","status":"passed","statusDetails":{"known":false,"muted":false,"flaky":true},"stage":"finished","steps":[],"attachments":[],"parameters":[],"start":1764600097154,"stop":1764600099046},{"name":"Given  login data is prepared","status":"passed","statusDetails":{"known":false,"muted":false,"flaky":true},"stage":"finished","steps":[],"attachments":[],"parameters":[],"start":1764600099046,"stop":1764600099046},{"name":"When  I login using excel row 1","status":"passed","statusDetails":{"known":false,"muted":false,"flaky":true},"stage":"finished","steps":[],"attachments":[],"parameters":[],"start":1764600099046,"stop":1764600100402},{"name":"When  I add the first product to the cart","status":"passed","statusDetails":{"known":false,"muted":false,"flaky":true},"stage":"finished","steps":[],"attachments":[],"parameters":[],"start":1764600100403,"stop":1764600100996},{"name":"When  I proceed to checkout with first name \"\", last name \"\", postal code \"\"","status":"broken","statusDetails":{"known":false,"muted":false,"flaky":true,"message":"Expected condition failed: waiting for visibility of element located by By.id: first-name (tried for 10 second(s) with 500 milliseconds interval)\nBuild info: version: '4.11.0', revision: '040bc5406b'\nSystem info: os.name: 'Windows 10', os.arch: 'amd64', os.version: '10.0', java.version: '21.0.8'\nDriver info: org.openqa.selenium.chrome.ChromeDriver\nCapabilities {acceptInsecureCerts: false, browserName: chrome, browserVersion: 142.0.7444.176, chrome: {chromedriverVersion: 142.0.7444.175 (302067f14a4..., userDataDir: C:\\Users\\Hp\\AppData\\Local\\T...}, fedcm:accounts: true, goog:chromeOptions: {debuggerAddress: localhost:57081}, goog:processID: 14752, networkConnectionEnabled: false, pageLoadStrategy: normal, platformName: windows, proxy: Proxy(), se:cdp: ws://localhost:57081/devtoo..., se:cdpVersion: 142.0.7444.176, setWindowRect: true, strictFileInteractability: false, timeouts: {implicit: 0, pageLoad: 300000, script: 30000}, unhandledPromptBehavior: dismiss and notify, webauthn:extension:credBlob: true, webauthn:extension:largeBlob: true, webauthn:extension:minPinLength: true, webauthn:extension:prf: true, webauthn:virtualAuthenticators: true}\nSession ID: cc2196997f954c02df2ac84ab2fb937d","trace":"org.openqa.selenium.TimeoutException: Expected condition failed: waiting for visibility of element located by By.id: first-name (tried for 10 second(s) with 500 milliseconds interval)\nBuild info: version: '4.11.0', revision: '040bc5406b'\nSystem info: os.name: 'Windows 10', os.arch: 'amd64', os.version: '10.0', java.version: '21.0.8'\nDriver info: org.openqa.selenium.chrome.ChromeDriver\nCapabilities {acceptInsecureCerts: false, browserName: chrome, browserVersion: 142.0.7444.176, chrome: {chromedriverVersion: 142.0.7444.175 (302067f14a4..., userDataDir: C:\\Users\\Hp\\AppData\\Local\\T...}, fedcm:accounts: true, goog:chromeOptions: {debuggerAddress: localhost:57081}, goog:processID: 14752, networkConnectionEnabled: false, pageLoadStrategy: normal, platformName: windows, proxy: Proxy(), se:cdp: ws://localhost:57081/devtoo..., se:cdpVersion: 142.0.7444.176, setWindowRect: true, strictFileInteractability: false, timeouts: {implicit: 0, pageLoad: 300000, script: 30000}, unhandledPromptBehavior: dismiss and notify, webauthn:extension:credBlob: true, webauthn:extension:largeBlob: true, webauthn:extension:minPinLength: true, webauthn:extension:prf: true, webauthn:virtualAuthenticators: true}\nSession ID: cc2196997f954c02df2ac84ab2fb937d\r\n\tat org.openqa.selenium.support.ui.WebDriverWait.timeoutException(WebDriverWait.java:84)\r\n\tat org.openqa.selenium.support.ui.FluentWait.until(FluentWait.java:230)\r\n\tat pages.CheckoutPage.fillCustomer(CheckoutPage.java:28)\r\n\tat steps.CheckoutSteps.proceed_to_checkout(CheckoutSteps.java:22)\r\n\tat ✽.I proceed to checkout with first name \"\", last name \"\", postal code \"\"(file:///D:/coding/java/ui-automation/src/test/resources/features/checkout.feature:18)\r\n"},"stage":"finished","steps":[],"attachments":[],"parameters":[],"start":1764600100996,"stop":1764600113087},{"name":"Then  I should see a checkout error","status":"skipped","statusDetails":{"known":false,"muted":false,"flaky":true},"stage":"finished","steps":[],"attachments":[],"parameters":[],"start":1764600113088,"stop":1764600113088}],"attachments":[],"parameters":[],"start":1764600095419,"stop":1764600113731}