{"uuid":"24a05594-cbf8-4ffe-9d09-ef5c6672619f","historyId":"e2a231c582a3b7f3f17e496ab16f4d33","fullName":"Product and Cart actions: Add product by name","labels":[{"name":"host","value":"DESKTOP-EFKTGT9"},{"name":"thread","value":"14752@DESKTOP-EFKTGT9.main(1)"},{"name":"feature","value":"Product and Cart actions"},{"name":"story","value":"Add product by name"},{"name":"suite","value":"Product and Cart actions"},{"name":"testClass","value":"Add product by name"},{"name":"framework","value":"cucumber4jvm"},{"name":"language","value":"java"},{"name":"gherkin_uri","value":"file:///D:/coding/java/ui-automation/src/test/resources/features/product.feature"},{"name":"package","value":"src.test.resources.features.product_feature.Product and Cart actions"}],"links":[],"name":"Add product by name","status":"failed","statusDetails":{"known":false,"muted":false,"flaky":false,"message":"expected:<1> but was:<0>","trace":"java.lang.AssertionError: expected:<1> but was:<0>\r\n\tat org.junit.Assert.fail(Assert.java:89)\r\n\tat org.junit.Assert.failNotEquals(Assert.java:835)\r\n\tat org.junit.Assert.assertEquals(Assert.java:647)\r\n\tat org.junit.Assert.assertEquals(Assert.java:633)\r\n\tat steps.ProductSteps.cart_should_contain(ProductSteps.java:62)\r\n\tat ✽.the cart should contain 1 item(s)(file:///D:/coding/java/ui-automation/src/test/resources/features/product.feature:18)\r\n"},"stage":"finished","steps":[{"name":"Given  I am on the login page","status":"passed","statusDetails":{"known":false,"muted":false,"flaky":false},"stage":"finished","steps":[],"attachments":[],"parameters":[],"start":1764598545330,"stop":1764598547285},{"name":"Given  login data is prepared","status":"passed","statusDetails":{"known":false,"muted":false,"flaky":false},"stage":"finished","steps":[],"attachments":[],"parameters":[],"start":1764598547287,"stop":1764598547288},{"name":"When  I login using excel row 1","status":"passed","statusDetails":{"known":false,"muted":false,"flaky":false},"stage":"finished","steps":[],"attachments":[],"parameters":[],"start":1764598547290,"stop":1764598548948},{"name":"When  I add product \"Sauce Labs Backpack\" to the cart","status":"passed","statusDetails":{"known":false,"muted":false,"flaky":false},"stage":"finished","steps":[],"attachments":[],"parameters":[],"start":1764598548949,"stop":1764598549519},{"name":"Then  the cart should contain 1 item(s)","status":"failed","statusDetails":{"known":false,"muted":false,"flaky":false,"message":"expected:<1> but was:<0>","trace":"java.lang.AssertionError: expected:<1> but was:<0>\r\n\tat org.junit.Assert.fail(Assert.java:89)\r\n\tat org.junit.Assert.failNotEquals(Assert.java:835)\r\n\tat org.junit.Assert.assertEquals(Assert.java:647)\r\n\tat org.junit.Assert.assertEquals(Assert.java:633)\r\n\tat steps.ProductSteps.cart_should_contain(ProductSteps.java:62)\r\n\tat ✽.the cart should contain 1 item(s)(file:///D:/coding/java/ui-automation/src/test/resources/features/product.feature:18)\r\n"},"stage":"finished","steps":[],"attachments":[],"parameters":[],"start":1764598549519,"stop":1764598551265}],"attachments":[],"parameters":[],"start":1764598543467,"stop":1764598552875}