{"uuid":"2d42a5ee-3f0f-467b-b6bc-8773bf862174","historyId":"7df5d0d51aa0d5faa9df290311d433dc","fullName":"Checkout flow: Successful order placement","labels":[{"name":"host","value":"DESKTOP-EFKTGT9"},{"name":"thread","value":"18004@DESKTOP-EFKTGT9.main(1)"},{"name":"feature","value":"Checkout flow"},{"name":"story","value":"Successful order placement"},{"name":"suite","value":"Checkout flow"},{"name":"testClass","value":"Successful order placement"},{"name":"framework","value":"cucumber4jvm"},{"name":"language","value":"java"},{"name":"gherkin_uri","value":"file:///D:/coding/java/ui-automation/src/test/resources/features/checkout.feature"},{"name":"package","value":"src.test.resources.features.checkout_feature.Checkout flow"}],"links":[],"name":"Successful order placement","status":"broken","statusDetails":{"known":false,"muted":false,"flaky":false,"message":"Expected condition failed: waiting for pages.CheckoutPage$$Lambda/0x0000020457472638@6d8b7ea9 (tried for 10 second(s) with 500 milliseconds interval)\nBuild info: version: '4.11.0', revision: '040bc5406b'\nSystem info: os.name: 'Windows 10', os.arch: 'amd64', os.version: '10.0', java.version: '21.0.8'\nDriver info: org.openqa.selenium.chrome.ChromeDriver\nCapabilities {acceptInsecureCerts: false, browserName: chrome, browserVersion: 142.0.7444.176, chrome: {chromedriverVersion: 142.0.7444.175 (302067f14a4..., userDataDir: C:\\Users\\Hp\\AppData\\Local\\T...}, fedcm:accounts: true, goog:chromeOptions: {debuggerAddress: localhost:56796}, goog:processID: 20712, networkConnectionEnabled: false, pageLoadStrategy: normal, platformName: windows, proxy: Proxy(), se:cdp: ws://localhost:56796/devtoo..., se:cdpVersion: 142.0.7444.176, setWindowRect: true, strictFileInteractability: false, timeouts: {implicit: 0, pageLoad: 300000, script: 30000}, unhandledPromptBehavior: dismiss and notify, webauthn:extension:credBlob: true, webauthn:extension:largeBlob: true, webauthn:extension:minPinLength: true, webauthn:extension:prf: true, webauthn:virtualAuthenticators: true}\nSession ID: a9e92472e8bfc3d34326b0672cc1cd1a","trace":"org.openqa.selenium.TimeoutException: Expected condition failed: waiting for pages.CheckoutPage$$Lambda/0x0000020457472638@6d8b7ea9 (tried for 10 second(s) with 500 milliseconds interval)\nBuild info: version: '4.11.0', revision: '040bc5406b'\nSystem info: os.name: 'Windows 10', os.arch: 'amd64', os.version: '10.0', java.version: '21.0.8'\nDriver info: org.openqa.selenium.chrome.ChromeDriver\nCapabilities {acceptInsecureCerts: false, browserName: chrome, browserVersion: 142.0.7444.176, chrome: {chromedriverVersion: 142.0.7444.175 (302067f14a4..., userDataDir: C:\\Users\\Hp\\AppData\\Local\\T...}, fedcm:accounts: true, goog:chromeOptions: {debuggerAddress: localhost:56796}, goog:processID: 20712, networkConnectionEnabled: false, pageLoadStrategy: normal, platformName: windows, proxy: Proxy(), se:cdp: ws://localhost:56796/devtoo..., se:cdpVersion: 142.0.7444.176, setWindowRect: true, strictFileInteractability: false, timeouts: {implicit: 0, pageLoad: 300000, script: 30000}, unhandledPromptBehavior: dismiss and notify, webauthn:extension:credBlob: true, webauthn:extension:largeBlob: true, webauthn:extension:minPinLength: true, webauthn:extension:prf: true, webauthn:virtualAuthenticators: true}\nSession ID: a9e92472e8bfc3d34326b0672cc1cd1a\r\n\tat org.openqa.selenium.support.ui.WebDriverWait.timeoutException(WebDriverWait.java:84)\r\n\tat org.openqa.selenium.support.ui.FluentWait.until(FluentWait.java:230)\r\n\tat pages.CheckoutPage.clickContinue(CheckoutPage.java:42)\r\n\tat steps.CheckoutSteps.proceed_to_checkout(CheckoutSteps.java:23)\r\n\tat ✽.I proceed to checkout with first name \"Alice\", last name \"Smith\", postal code \"99999\"(file:///D:/coding/java/ui-automation/src/test/resources/features/checkout.feature:24)\r\n"},"stage":"finished","steps":[{"name":"Given  I am on the login page","status":"passed","statusDetails":{"known":false,"muted":false,"flaky":true},"stage":"finished","steps":[],"attachments":[],"parameters":[],"start":1764599987493,"stop":1764599988960},{"name":"Given  login data is prepared","status":"passed","statusDetails":{"known":false,"muted":false,"flaky":true},"stage":"finished","steps":[],"attachments":[],"parameters":[],"start":1764599988960,"stop":1764599988960},{"name":"When  I login using excel row 1","status":"passed","statusDetails":{"known":false,"muted":false,"flaky":true},"stage":"finished","steps":[],"attachments":[],"parameters":[],"start":1764599988960,"stop":1764599989611},{"name":"When  I add product \"Sauce Labs Backpack\" to the cart","status":"passed","statusDetails":{"known":false,"muted":false,"flaky":true},"stage":"finished","steps":[],"attachments":[],"parameters":[],"start":1764599989611,"stop":1764599989825},{"name":"When  I proceed to checkout with first name \"Alice\", last name \"Smith\", postal code \"99999\"","status":"broken","statusDetails":{"known":false,"muted":false,"flaky":true,"message":"Expected condition failed: waiting for pages.CheckoutPage$$Lambda/0x0000020457472638@6d8b7ea9 (tried for 10 second(s) with 500 milliseconds interval)\nBuild info: version: '4.11.0', revision: '040bc5406b'\nSystem info: os.name: 'Windows 10', os.arch: 'amd64', os.version: '10.0', java.version: '21.0.8'\nDriver info: org.openqa.selenium.chrome.ChromeDriver\nCapabilities {acceptInsecureCerts: false, browserName: chrome, browserVersion: 142.0.7444.176, chrome: {chromedriverVersion: 142.0.7444.175 (302067f14a4..., userDataDir: C:\\Users\\Hp\\AppData\\Local\\T...}, fedcm:accounts: true, goog:chromeOptions: {debuggerAddress: localhost:56796}, goog:processID: 20712, networkConnectionEnabled: false, pageLoadStrategy: normal, platformName: windows, proxy: Proxy(), se:cdp: ws://localhost:56796/devtoo..., se:cdpVersion: 142.0.7444.176, setWindowRect: true, strictFileInteractability: false, timeouts: {implicit: 0, pageLoad: 300000, script: 30000}, unhandledPromptBehavior: dismiss and notify, webauthn:extension:credBlob: true, webauthn:extension:largeBlob: true, webauthn:extension:minPinLength: true, webauthn:extension:prf: true, webauthn:virtualAuthenticators: true}\nSession ID: a9e92472e8bfc3d34326b0672cc1cd1a","trace":"org.openqa.selenium.TimeoutException: Expected condition failed: waiting for pages.CheckoutPage$$Lambda/0x0000020457472638@6d8b7ea9 (tried for 10 second(s) with 500 milliseconds interval)\nBuild info: version: '4.11.0', revision: '040bc5406b'\nSystem info: os.name: 'Windows 10', os.arch: 'amd64', os.version: '10.0', java.version: '21.0.8'\nDriver info: org.openqa.selenium.chrome.ChromeDriver\nCapabilities {acceptInsecureCerts: false, browserName: chrome, browserVersion: 142.0.7444.176, chrome: {chromedriverVersion: 142.0.7444.175 (302067f14a4..., userDataDir: C:\\Users\\Hp\\AppData\\Local\\T...}, fedcm:accounts: true, goog:chromeOptions: {debuggerAddress: localhost:56796}, goog:processID: 20712, networkConnectionEnabled: false, pageLoadStrategy: normal, platformName: windows, proxy: Proxy(), se:cdp: ws://localhost:56796/devtoo..., se:cdpVersion: 142.0.7444.176, setWindowRect: true, strictFileInteractability: false, timeouts: {implicit: 0, pageLoad: 300000, script: 30000}, unhandledPromptBehavior: dismiss and notify, webauthn:extension:credBlob: true, webauthn:extension:largeBlob: true, webauthn:extension:minPinLength: true, webauthn:extension:prf: true, webauthn:virtualAuthenticators: true}\nSession ID: a9e92472e8bfc3d34326b0672cc1cd1a\r\n\tat org.openqa.selenium.support.ui.WebDriverWait.timeoutException(WebDriverWait.java:84)\r\n\tat org.openqa.selenium.support.ui.FluentWait.until(FluentWait.java:230)\r\n\tat pages.CheckoutPage.clickContinue(CheckoutPage.java:42)\r\n\tat steps.CheckoutSteps.proceed_to_checkout(CheckoutSteps.java:23)\r\n\tat ✽.I proceed to checkout with first name \"Alice\", last name \"Smith\", postal code \"99999\"(file:///D:/coding/java/ui-automation/src/test/resources/features/checkout.feature:24)\r\n"},"stage":"finished","steps":[],"attachments":[],"parameters":[],"start":1764599989825,"stop":1764600000563},{"name":"Then  I finish checkout","status":"skipped","statusDetails":{"known":false,"muted":false,"flaky":true},"stage":"finished","steps":[],"attachments":[],"parameters":[],"start":1764600000563,"stop":1764600000563}],"attachments":[],"parameters":[],"start":1764599986551,"stop":1764600001381}