{"uuid":"9814b1b0-a295-4afb-a269-3c87ebf1b000","historyId":"61723fee280528857754e8b8d170c4b9","fullName":"Product and Cart actions: Add first product to cart","labels":[{"name":"host","value":"DESKTOP-EFKTGT9"},{"name":"thread","value":"13140@DESKTOP-EFKTGT9.main(1)"},{"name":"feature","value":"Product and Cart actions"},{"name":"story","value":"Add first product to cart"},{"name":"suite","value":"Product and Cart actions"},{"name":"testClass","value":"Add first product to cart"},{"name":"framework","value":"cucumber4jvm"},{"name":"language","value":"java"},{"name":"gherkin_uri","value":"file:///D:/coding/java/ui-automation/src/test/resources/features/product.feature"},{"name":"package","value":"src.test.resources.features.product_feature.Product and Cart actions"}],"links":[],"name":"Add first product to cart","status":"failed","statusDetails":{"known":false,"muted":false,"flaky":false,"message":"expected:<1> but was:<0>","trace":"java.lang.AssertionError: expected:<1> but was:<0>\r\n\tat org.junit.Assert.fail(Assert.java:89)\r\n\tat org.junit.Assert.failNotEquals(Assert.java:835)\r\n\tat org.junit.Assert.assertEquals(Assert.java:647)\r\n\tat org.junit.Assert.assertEquals(Assert.java:633)\r\n\tat steps.ProductSteps.cart_should_contain(ProductSteps.java:62)\r\n\tat ✽.the cart should contain 1 item(s)(file:///D:/coding/java/ui-automation/src/test/resources/features/product.feature:14)\r\n"},"stage":"finished","steps":[{"name":"Given  I am on the login page","status":"passed","statusDetails":{"known":false,"muted":false,"flaky":false},"stage":"finished","steps":[],"attachments":[],"parameters":[],"start":1764599400835,"stop":1764599402881},{"name":"Given  login data is prepared","status":"passed","statusDetails":{"known":false,"muted":false,"flaky":false},"stage":"finished","steps":[],"attachments":[],"parameters":[],"start":1764599402881,"stop":1764599402886},{"name":"When  I login using excel row 1","status":"passed","statusDetails":{"known":false,"muted":false,"flaky":false},"stage":"finished","steps":[],"attachments":[],"parameters":[],"start":1764599402886,"stop":1764599404823},{"name":"When  I add the first product to the cart","status":"passed","statusDetails":{"known":false,"muted":false,"flaky":false},"stage":"finished","steps":[],"attachments":[],"parameters":[],"start":1764599404823,"stop":1764599405457},{"name":"Then  the cart should contain 1 item(s)","status":"failed","statusDetails":{"known":false,"muted":false,"flaky":false,"message":"expected:<1> but was:<0>","trace":"java.lang.AssertionError: expected:<1> but was:<0>\r\n\tat org.junit.Assert.fail(Assert.java:89)\r\n\tat org.junit.Assert.failNotEquals(Assert.java:835)\r\n\tat org.junit.Assert.assertEquals(Assert.java:647)\r\n\tat org.junit.Assert.assertEquals(Assert.java:633)\r\n\tat steps.ProductSteps.cart_should_contain(ProductSteps.java:62)\r\n\tat ✽.the cart should contain 1 item(s)(file:///D:/coding/java/ui-automation/src/test/resources/features/product.feature:14)\r\n"},"stage":"finished","steps":[],"attachments":[],"parameters":[],"start":1764599405457,"stop":1764599407726}],"attachments":[],"parameters":[],"start":1764599398415,"stop":1764599408963}