{"uuid":"ba684e9c-67e1-43f2-b352-7c3d495b0e0c","historyId":"56ea7aaa1a67f60351f111a0c41bbfa6","fullName":"Checkout flow: Fill checkout form and finish","labels":[{"name":"host","value":"DESKTOP-EFKTGT9"},{"name":"thread","value":"18004@DESKTOP-EFKTGT9.main(1)"},{"name":"feature","value":"Checkout flow"},{"name":"story","value":"Fill checkout form and finish"},{"name":"suite","value":"Checkout flow"},{"name":"testClass","value":"Fill checkout form and finish"},{"name":"framework","value":"cucumber4jvm"},{"name":"language","value":"java"},{"name":"gherkin_uri","value":"file:///D:/coding/java/ui-automation/src/test/resources/features/checkout.feature"},{"name":"package","value":"src.test.resources.features.checkout_feature.Checkout flow"}],"links":[],"name":"Fill checkout form and finish","status":"broken","statusDetails":{"known":false,"muted":false,"flaky":false,"message":"Expected condition failed: waiting for pages.CheckoutPage$$Lambda/0x0000020457472638@552fee7a (tried for 10 second(s) with 500 milliseconds interval)\nBuild info: version: '4.11.0', revision: '040bc5406b'\nSystem info: os.name: 'Windows 10', os.arch: 'amd64', os.version: '10.0', java.version: '21.0.8'\nDriver info: org.openqa.selenium.chrome.ChromeDriver\nCapabilities {acceptInsecureCerts: false, browserName: chrome, browserVersion: 142.0.7444.176, chrome: {chromedriverVersion: 142.0.7444.175 (302067f14a4..., userDataDir: C:\\Users\\Hp\\AppData\\Local\\T...}, fedcm:accounts: true, goog:chromeOptions: {debuggerAddress: localhost:56731}, goog:processID: 11096, networkConnectionEnabled: false, pageLoadStrategy: normal, platformName: windows, proxy: Proxy(), se:cdp: ws://localhost:56731/devtoo..., se:cdpVersion: 142.0.7444.176, setWindowRect: true, strictFileInteractability: false, timeouts: {implicit: 0, pageLoad: 300000, script: 30000}, unhandledPromptBehavior: dismiss and notify, webauthn:extension:credBlob: true, webauthn:extension:largeBlob: true, webauthn:extension:minPinLength: true, webauthn:extension:prf: true, webauthn:virtualAuthenticators: true}\nSession ID: 4a931cf5e7dcbf0e7beb348350cac404","trace":"org.openqa.selenium.TimeoutException: Expected condition failed: waiting for pages.CheckoutPage$$Lambda/0x0000020457472638@552fee7a (tried for 10 second(s) with 500 milliseconds interval)\nBuild info: version: '4.11.0', revision: '040bc5406b'\nSystem info: os.name: 'Windows 10', os.arch: 'amd64', os.version: '10.0', java.version: '21.0.8'\nDriver info: org.openqa.selenium.chrome.ChromeDriver\nCapabilities {acceptInsecureCerts: false, browserName: chrome, browserVersion: 142.0.7444.176, chrome: {chromedriverVersion: 142.0.7444.175 (302067f14a4..., userDataDir: C:\\Users\\Hp\\AppData\\Local\\T...}, fedcm:accounts: true, goog:chromeOptions: {debuggerAddress: localhost:56731}, goog:processID: 11096, networkConnectionEnabled: false, pageLoadStrategy: normal, platformName: windows, proxy: Proxy(), se:cdp: ws://localhost:56731/devtoo..., se:cdpVersion: 142.0.7444.176, setWindowRect: true, strictFileInteractability: false, timeouts: {implicit: 0, pageLoad: 300000, script: 30000}, unhandledPromptBehavior: dismiss and notify, webauthn:extension:credBlob: true, webauthn:extension:largeBlob: true, webauthn:extension:minPinLength: true, webauthn:extension:prf: true, webauthn:virtualAuthenticators: true}\nSession ID: 4a931cf5e7dcbf0e7beb348350cac404\r\n\tat org.openqa.selenium.support.ui.WebDriverWait.timeoutException(WebDriverWait.java:84)\r\n\tat org.openqa.selenium.support.ui.FluentWait.until(FluentWait.java:230)\r\n\tat pages.CheckoutPage.clickContinue(CheckoutPage.java:42)\r\n\tat steps.CheckoutSteps.proceed_to_checkout(CheckoutSteps.java:23)\r\n\tat ✽.I proceed to checkout with first name \"John\", last name \"Doe\", postal code \"12345\"(file:///D:/coding/java/ui-automation/src/test/resources/features/checkout.feature:12)\r\n"},"stage":"finished","steps":[{"name":"Given  I am on the login page","status":"passed","statusDetails":{"known":false,"muted":false,"flaky":true},"stage":"finished","steps":[],"attachments":[],"parameters":[],"start":1764599966952,"stop":1764599969397},{"name":"Given  login data is prepared","status":"passed","statusDetails":{"known":false,"muted":false,"flaky":true},"stage":"finished","steps":[],"attachments":[],"parameters":[],"start":1764599969398,"stop":1764599969406},{"name":"When  I login using excel row 1","status":"passed","statusDetails":{"known":false,"muted":false,"flaky":true},"stage":"finished","steps":[],"attachments":[],"parameters":[],"start":1764599969408,"stop":1764599970013},{"name":"When  I add the first product to the cart","status":"passed","statusDetails":{"known":false,"muted":false,"flaky":true},"stage":"finished","steps":[],"attachments":[],"parameters":[],"start":1764599970018,"stop":1764599970387},{"name":"Then  the cart should contain 1 item(s)","status":"passed","statusDetails":{"known":false,"muted":false,"flaky":true},"stage":"finished","steps":[],"attachments":[],"parameters":[],"start":1764599970387,"stop":1764599970519},{"name":"When  I proceed to checkout with first name \"John\", last name \"Doe\", postal code \"12345\"","status":"broken","statusDetails":{"known":false,"muted":false,"flaky":true,"message":"Expected condition failed: waiting for pages.CheckoutPage$$Lambda/0x0000020457472638@552fee7a (tried for 10 second(s) with 500 milliseconds interval)\nBuild info: version: '4.11.0', revision: '040bc5406b'\nSystem info: os.name: 'Windows 10', os.arch: 'amd64', os.version: '10.0', java.version: '21.0.8'\nDriver info: org.openqa.selenium.chrome.ChromeDriver\nCapabilities {acceptInsecureCerts: false, browserName: chrome, browserVersion: 142.0.7444.176, chrome: {chromedriverVersion: 142.0.7444.175 (302067f14a4..., userDataDir: C:\\Users\\Hp\\AppData\\Local\\T...}, fedcm:accounts: true, goog:chromeOptions: {debuggerAddress: localhost:56731}, goog:processID: 11096, networkConnectionEnabled: false, pageLoadStrategy: normal, platformName: windows, proxy: Proxy(), se:cdp: ws://localhost:56731/devtoo..., se:cdpVersion: 142.0.7444.176, setWindowRect: true, strictFileInteractability: false, timeouts: {implicit: 0, pageLoad: 300000, script: 30000}, unhandledPromptBehavior: dismiss and notify, webauthn:extension:credBlob: true, webauthn:extension:largeBlob: true, webauthn:extension:minPinLength: true, webauthn:extension:prf: true, webauthn:virtualAuthenticators: true}\nSession ID: 4a931cf5e7dcbf0e7beb348350cac404","trace":"org.openqa.selenium.TimeoutException: Expected condition failed: waiting for pages.CheckoutPage$$Lambda/0x0000020457472638@552fee7a (tried for 10 second(s) with 500 milliseconds interval)\nBuild info: version: '4.11.0', revision: '040bc5406b'\nSystem info: os.name: 'Windows 10', os.arch: 'amd64', os.version: '10.0', java.version: '21.0.8'\nDriver info: org.openqa.selenium.chrome.ChromeDriver\nCapabilities {acceptInsecureCerts: false, browserName: chrome, browserVersion: 142.0.7444.176, chrome: {chromedriverVersion: 142.0.7444.175 (302067f14a4..., userDataDir: C:\\Users\\Hp\\AppData\\Local\\T...}, fedcm:accounts: true, goog:chromeOptions: {debuggerAddress: localhost:56731}, goog:processID: 11096, networkConnectionEnabled: false, pageLoadStrategy: normal, platformName: windows, proxy: Proxy(), se:cdp: ws://localhost:56731/devtoo..., se:cdpVersion: 142.0.7444.176, setWindowRect: true, strictFileInteractability: false, timeouts: {implicit: 0, pageLoad: 300000, script: 30000}, unhandledPromptBehavior: dismiss and notify, webauthn:extension:credBlob: true, webauthn:extension:largeBlob: true, webauthn:extension:minPinLength: true, webauthn:extension:prf: true, webauthn:virtualAuthenticators: true}\nSession ID: 4a931cf5e7dcbf0e7beb348350cac404\r\n\tat org.openqa.selenium.support.ui.WebDriverWait.timeoutException(WebDriverWait.java:84)\r\n\tat org.openqa.selenium.support.ui.FluentWait.until(FluentWait.java:230)\r\n\tat pages.CheckoutPage.clickContinue(CheckoutPage.java:42)\r\n\tat steps.CheckoutSteps.proceed_to_checkout(CheckoutSteps.java:23)\r\n\tat ✽.I proceed to checkout with first name \"John\", last name \"Doe\", postal code \"12345\"(file:///D:/coding/java/ui-automation/src/test/resources/features/checkout.feature:12)\r\n"},"stage":"finished","steps":[],"attachments":[],"parameters":[],"start":1764599970519,"stop":1764599981263},{"name":"Then  I finish checkout","status":"skipped","statusDetails":{"known":false,"muted":false,"flaky":true},"stage":"finished","steps":[],"attachments":[],"parameters":[],"start":1764599981263,"stop":1764599981263}],"attachments":[],"parameters":[],"start":1764599963800,"stop":1764599981566}