{"uuid":"e562bb00-b298-4fd0-8f7b-fe865abe9387","historyId":"1eff93df1d55116d63441274307e1a79","fullName":"Product and Cart actions: Remove product from cart","labels":[{"name":"host","value":"DESKTOP-EFKTGT9"},{"name":"thread","value":"13140@DESKTOP-EFKTGT9.main(1)"},{"name":"feature","value":"Product and Cart actions"},{"name":"story","value":"Remove product from cart"},{"name":"suite","value":"Product and Cart actions"},{"name":"testClass","value":"Remove product from cart"},{"name":"framework","value":"cucumber4jvm"},{"name":"language","value":"java"},{"name":"gherkin_uri","value":"file:///D:/coding/java/ui-automation/src/test/resources/features/product.feature"},{"name":"package","value":"src.test.resources.features.product_feature.Product and Cart actions"}],"links":[],"name":"Remove product from cart","status":"failed","statusDetails":{"known":false,"muted":false,"flaky":false,"message":"expected:<1> but was:<0>","trace":"java.lang.AssertionError: expected:<1> but was:<0>\r\n\tat org.junit.Assert.fail(Assert.java:89)\r\n\tat org.junit.Assert.failNotEquals(Assert.java:835)\r\n\tat org.junit.Assert.assertEquals(Assert.java:647)\r\n\tat org.junit.Assert.assertEquals(Assert.java:633)\r\n\tat steps.ProductSteps.cart_should_contain(ProductSteps.java:62)\r\n\tat ✽.the cart should contain 1 item(s)(file:///D:/coding/java/ui-automation/src/test/resources/features/product.feature:22)\r\n"},"stage":"finished","steps":[{"name":"Given  I am on the login page","status":"passed","statusDetails":{"known":false,"muted":false,"flaky":false},"stage":"finished","steps":[],"attachments":[],"parameters":[],"start":1764599430248,"stop":1764599432930},{"name":"Given  login data is prepared","status":"passed","statusDetails":{"known":false,"muted":false,"flaky":false},"stage":"finished","steps":[],"attachments":[],"parameters":[],"start":1764599432934,"stop":1764599432936},{"name":"When  I login using excel row 1","status":"passed","statusDetails":{"known":false,"muted":false,"flaky":false},"stage":"finished","steps":[],"attachments":[],"parameters":[],"start":1764599432936,"stop":1764599434623},{"name":"When  I add the first product to the cart","status":"passed","statusDetails":{"known":false,"muted":false,"flaky":false},"stage":"finished","steps":[],"attachments":[],"parameters":[],"start":1764599434623,"stop":1764599435251},{"name":"Then  the cart should contain 1 item(s)","status":"failed","statusDetails":{"known":false,"muted":false,"flaky":false,"message":"expected:<1> but was:<0>","trace":"java.lang.AssertionError: expected:<1> but was:<0>\r\n\tat org.junit.Assert.fail(Assert.java:89)\r\n\tat org.junit.Assert.failNotEquals(Assert.java:835)\r\n\tat org.junit.Assert.assertEquals(Assert.java:647)\r\n\tat org.junit.Assert.assertEquals(Assert.java:633)\r\n\tat steps.ProductSteps.cart_should_contain(ProductSteps.java:62)\r\n\tat ✽.the cart should contain 1 item(s)(file:///D:/coding/java/ui-automation/src/test/resources/features/product.feature:22)\r\n"},"stage":"finished","steps":[],"attachments":[],"parameters":[],"start":1764599435251,"stop":1764599437725},{"name":"When  I remove all items from the cart","status":"skipped","statusDetails":{"known":false,"muted":false,"flaky":false},"stage":"finished","steps":[],"attachments":[],"parameters":[],"start":1764599437725,"stop":1764599437725},{"name":"Then  the cart should contain 0 item(s)","status":"skipped","statusDetails":{"known":false,"muted":false,"flaky":false},"stage":"finished","steps":[],"attachments":[],"parameters":[],"start":1764599437725,"stop":1764599437725}],"attachments":[],"parameters":[],"start":1764599426521,"stop":1764599455603}