{"uuid":"f111c6be-0fa2-4431-a1d6-65641aa806de","historyId":"1eff93df1d55116d63441274307e1a79","fullName":"Product and Cart actions: Remove product from cart","labels":[{"name":"host","value":"DESKTOP-EFKTGT9"},{"name":"thread","value":"12132@DESKTOP-EFKTGT9.main(1)"},{"name":"feature","value":"Product and Cart actions"},{"name":"story","value":"Remove product from cart"},{"name":"suite","value":"Product and Cart actions"},{"name":"testClass","value":"Remove product from cart"},{"name":"framework","value":"cucumber4jvm"},{"name":"language","value":"java"},{"name":"gherkin_uri","value":"file:///D:/coding/java/ui-automation/src/test/resources/features/product.feature"},{"name":"package","value":"src.test.resources.features.product_feature.Product and Cart actions"}],"links":[],"name":"Remove product from cart","status":"failed","statusDetails":{"known":false,"muted":false,"flaky":false,"message":"expected:<0> but was:<1>","trace":"java.lang.AssertionError: expected:<0> but was:<1>\r\n\tat org.junit.Assert.fail(Assert.java:89)\r\n\tat org.junit.Assert.failNotEquals(Assert.java:835)\r\n\tat org.junit.Assert.assertEquals(Assert.java:647)\r\n\tat org.junit.Assert.assertEquals(Assert.java:633)\r\n\tat steps.ProductSteps.cart_should_contain(ProductSteps.java:62)\r\n\tat ✽.the cart should contain 0 item(s)(file:///D:/coding/java/ui-automation/src/test/resources/features/product.feature:24)\r\n"},"stage":"finished","steps":[{"name":"Given  I am on the login page","status":"passed","statusDetails":{"known":false,"muted":false,"flaky":false},"stage":"finished","steps":[],"attachments":[],"parameters":[],"start":1764599541160,"stop":1764599541501},{"name":"Given  login data is prepared","status":"passed","statusDetails":{"known":false,"muted":false,"flaky":false},"stage":"finished","steps":[],"attachments":[],"parameters":[],"start":1764599541501,"stop":1764599541501},{"name":"When  I login using excel row 1","status":"passed","statusDetails":{"known":false,"muted":false,"flaky":false},"stage":"finished","steps":[],"attachments":[],"parameters":[],"start":1764599541501,"stop":1764599543158},{"name":"When  I add the first product to the cart","status":"passed","statusDetails":{"known":false,"muted":false,"flaky":false},"stage":"finished","steps":[],"attachments":[],"parameters":[],"start":1764599543158,"stop":1764599543593},{"name":"Then  the cart should contain 1 item(s)","status":"passed","statusDetails":{"known":false,"muted":false,"flaky":false},"stage":"finished","steps":[],"attachments":[],"parameters":[],"start":1764599543593,"stop":1764599543777},{"name":"When  I remove all items from the cart","status":"passed","statusDetails":{"known":false,"muted":false,"flaky":false},"stage":"finished","steps":[],"attachments":[],"parameters":[],"start":1764599543777,"stop":1764599551904},{"name":"Then  the cart should contain 0 item(s)","status":"failed","statusDetails":{"known":false,"muted":false,"flaky":false,"message":"expected:<0> but was:<1>","trace":"java.lang.AssertionError: expected:<0> but was:<1>\r\n\tat org.junit.Assert.fail(Assert.java:89)\r\n\tat org.junit.Assert.failNotEquals(Assert.java:835)\r\n\tat org.junit.Assert.assertEquals(Assert.java:647)\r\n\tat org.junit.Assert.assertEquals(Assert.java:633)\r\n\tat steps.ProductSteps.cart_should_contain(ProductSteps.java:62)\r\n\tat ✽.the cart should contain 0 item(s)(file:///D:/coding/java/ui-automation/src/test/resources/features/product.feature:24)\r\n"},"stage":"finished","steps":[],"attachments":[],"parameters":[],"start":1764599551904,"stop":1764599553302}],"attachments":[],"parameters":[],"start":1764599540181,"stop":1764599553610}